<?xml version="1.0" encoding="UTF-8"?>
<testng-results ignored="0" total="1" passed="1" failed="0" skipped="0">
  <reporter-output>
  </reporter-output>
  <suite started-at="2020-03-16T23:22:08 IST" name="Suite" finished-at="2020-03-16T23:24:08 IST" duration-ms="119286">
    <groups>
    </groups>
    <test started-at="2020-03-16T23:22:08 IST" name="Test" finished-at="2020-03-16T23:24:08 IST" duration-ms="119286">
      <class name="com.seleniumpoc.testcases.AddNewCustomerValidation">
        <test-method is-config="true" signature="setUp(java.lang.String)[pri:0, instance:com.seleniumpoc.testcases.AddNewCustomerValidation@6a6afff2]" started-at="2020-03-16T23:22:09 IST" name="setUp" finished-at="2020-03-16T23:22:32 IST" duration-ms="23497" status="PASS">
          <params>
            <param index="0">
              <value>
                <![CDATA[Chrome]]>
              </value>
            </param>
          </params>
          <reporter-output>
          </reporter-output>
        </test-method> <!-- setUp -->
        <test-method signature="addCustomer()[pri:0, instance:com.seleniumpoc.testcases.AddNewCustomerValidation@6a6afff2]" started-at="2020-03-16T23:22:32 IST" name="addCustomer" finished-at="2020-03-16T23:24:07 IST" duration-ms="94577" status="PASS">
          <reporter-output>
          </reporter-output>
        </test-method> <!-- addCustomer -->
        <test-method is-config="true" signature="tearDown()[pri:0, instance:com.seleniumpoc.testcases.AddNewCustomerValidation@6a6afff2]" started-at="2020-03-16T23:24:07 IST" name="tearDown" finished-at="2020-03-16T23:24:08 IST" duration-ms="871" status="PASS">
          <reporter-output>
          </reporter-output>
        </test-method> <!-- tearDown -->
      </class> <!-- com.seleniumpoc.testcases.AddNewCustomerValidation -->
    </test> <!-- Test -->
  </suite> <!-- Suite -->
</testng-results>
